[debug] [2022-10-14T00:09:29.630Z] ----------------------------------------------------------------------
[debug] [2022-10-14T00:09:29.632Z] Command:       C:\Program Files\nodejs\node.exe C:\Users\aleja\AppData\Roaming\npm\node_modules\firebase-tools\lib\bin\firebase.js emulators:start --only functions
[debug] [2022-10-14T00:09:29.632Z] CLI Version:   11.14.1
[debug] [2022-10-14T00:09:29.632Z] Platform:      win32
[debug] [2022-10-14T00:09:29.632Z] Node Version:  v16.16.0
[debug] [2022-10-14T00:09:29.633Z] Time:          Thu Oct 13 2022 19:09:29 GMT-0500 (Colombia Standard Time)
[debug] [2022-10-14T00:09:29.633Z] ----------------------------------------------------------------------
[debug] 
[debug] [2022-10-14T00:09:29.635Z] >>> [apiv2][query] GET https://firebase-public.firebaseio.com/cli.json [none]
[debug] [2022-10-14T00:09:29.690Z] > command requires scopes: ["email","openid","https://www.googleapis.com/auth/cloudplatformprojects.readonly","https://www.googleapis.com/auth/firebase","https://www.googleapis.com/auth/cloud-platform"]
[debug] [2022-10-14T00:09:29.691Z] > authorizing via signed-in user (darkslave29@gmail.com)
[info] i  emulators: Starting emulators: functions {"metadata":{"emulator":{"name":"hub"},"message":"Starting emulators: functions"}}
[debug] [2022-10-14T00:09:29.710Z] [hub] writing locator at C:\Users\aleja\AppData\Local\Temp\hub-project-depression-chatbot.json
[warn] !  functions: The following emulators are not running, calls to these services from the Functions emulator will affect production: auth, firestore, database, hosting, pubsub, storage, eventarc {"metadata":{"emulator":{"name":"functions"},"message":"The following emulators are not running, calls to these services from the Functions emulator will affect production: \u001b[1mauth, firestore, database, hosting, pubsub, storage, eventarc\u001b[22m"}}
[info] +  functions: Using node@16 from host. {"metadata":{"emulator":{"name":"functions"},"message":"Using node@16 from host."}}
[debug] [2022-10-14T00:09:29.733Z] defaultcredentials: writing to file C:\Users\aleja\AppData\Roaming\firebase\darkslave29_gmail_com_application_default_credentials.json
[debug] [2022-10-14T00:09:29.734Z] Setting GAC to C:\Users\aleja\AppData\Roaming\firebase\darkslave29_gmail_com_application_default_credentials.json {"metadata":{"emulator":{"name":"functions"},"message":"Setting GAC to C:\\Users\\aleja\\AppData\\Roaming\\firebase\\darkslave29_gmail_com_application_default_credentials.json"}}
[debug] [2022-10-14T00:09:29.735Z] > refreshing access token with scopes: []
[debug] [2022-10-14T00:09:29.736Z] >>> [apiv2][query] POST https://www.googleapis.com/oauth2/v3/token [none]
[debug] [2022-10-14T00:09:29.736Z] >>> [apiv2][body] POST https://www.googleapis.com/oauth2/v3/token [omitted]
[debug] [2022-10-14T00:09:29.977Z] <<< [apiv2][status] POST https://www.googleapis.com/oauth2/v3/token 200
[debug] [2022-10-14T00:09:29.977Z] <<< [apiv2][body] POST https://www.googleapis.com/oauth2/v3/token [omitted]
[debug] [2022-10-14T00:09:29.981Z] >>> [apiv2][query] GET https://firebase.googleapis.com/v1beta1/projects/project-depression-chatbot/adminSdkConfig [none]
[debug] [2022-10-14T00:09:30.018Z] <<< [apiv2][status] GET https://firebase-public.firebaseio.com/cli.json 200
[debug] [2022-10-14T00:09:30.018Z] <<< [apiv2][body] GET https://firebase-public.firebaseio.com/cli.json {"cloudBuildErrorAfter":1594252800000,"cloudBuildWarnAfter":1590019200000,"defaultNode10After":1594252800000,"minVersion":"3.0.5","node8DeploysDisabledAfter":1613390400000,"node8RuntimeDisabledAfter":1615809600000,"node8WarnAfter":1600128000000}
[debug] [2022-10-14T00:09:30.423Z] <<< [apiv2][status] GET https://firebase.googleapis.com/v1beta1/projects/project-depression-chatbot/adminSdkConfig 200
[debug] [2022-10-14T00:09:30.423Z] <<< [apiv2][body] GET https://firebase.googleapis.com/v1beta1/projects/project-depression-chatbot/adminSdkConfig {"projectId":"project-depression-chatbot","storageBucket":"project-depression-chatbot.appspot.com","locationId":"us-central"}
[debug] [2022-10-14T00:09:30.439Z] Ignoring unsupported arg: auto_download {"metadata":{"emulator":{"name":"ui"},"message":"Ignoring unsupported arg: auto_download"}}
[debug] [2022-10-14T00:09:30.439Z] Ignoring unsupported arg: port {"metadata":{"emulator":{"name":"ui"},"message":"Ignoring unsupported arg: port"}}
[debug] [2022-10-14T00:09:30.439Z] Starting Emulator UI with command {"binary":"node","args":["C:\\Users\\aleja\\.cache\\firebase\\emulators\\ui-v1.10.0\\server\\server.js"],"optionalArgs":[],"joinArgs":false} {"metadata":{"emulator":{"name":"ui"},"message":"Starting Emulator UI with command {\"binary\":\"node\",\"args\":[\"C:\\\\Users\\\\aleja\\\\.cache\\\\firebase\\\\emulators\\\\ui-v1.10.0\\\\server\\\\server.js\"],\"optionalArgs\":[],\"joinArgs\":false}"}}
[info] i  ui: Emulator UI logging to ui-debug.log {"metadata":{"emulator":{"name":"ui"},"message":"Emulator UI logging to \u001b[1mui-debug.log\u001b[22m"}}
[debug] [2022-10-14T00:09:30.537Z] Web / API server started at localhost:4000
 {"metadata":{"emulator":{"name":"ui"},"message":"Web / API server started at localhost:4000\n"}}
[info] i  functions: Watching "C:\Users\aleja\OneDrive\Documents\Projects\depression-chatbot\functions" for Cloud Functions... {"metadata":{"emulator":{"name":"functions"},"message":"Watching \"C:\\Users\\aleja\\OneDrive\\Documents\\Projects\\depression-chatbot\\functions\" for Cloud Functions..."}}
[debug] [2022-10-14T00:09:30.709Z] Validating nodejs source
[debug] [2022-10-14T00:09:32.681Z] > [functions] package.json contents: {
  "name": "functions",
  "description": "Cloud Functions for Firebase",
  "scripts": {
    "serve": "firebase emulators:start --only functions",
    "shell": "firebase functions:shell",
    "start": "npm run shell",
    "deploy": "firebase deploy --only functions",
    "logs": "firebase functions:log"
  },
  "engines": {
    "node": "16"
  },
  "main": "index.js",
  "dependencies": {
    "dialogflow": "^1.2.0",
    "firebase": "^9.11.0",
    "firebase-admin": "^10.0.2",
    "firebase-functions": "^3.18.0"
  },
  "devDependencies": {
    "firebase-functions-test": "^0.2.0"
  },
  "private": true
}
[debug] [2022-10-14T00:09:32.681Z] Building nodejs source
[debug] [2022-10-14T00:09:32.681Z] Analyzing nodejs backend spec
[debug] [2022-10-14T00:09:32.682Z] Could not find functions.yaml. Must use http discovery
[debug] [2022-10-14T00:09:32.862Z] Serving at port 9005

[debug] [2022-10-14T00:09:33.146Z] Got response from /__/functions.yaml {"endpoints":{"startNewChatSession":{"platform":"gcfv1","labels":{},"callableTrigger":{},"entryPoint":"startNewChatSession"},"processNewMessage":{"platform":"gcfv1","labels":{},"callableTrigger":{},"entryPoint":"processNewMessage"}},"specVersion":"v1alpha1","requiredAPIs":[]}
[debug] [2022-10-14T00:09:33.151Z] shutdown requested via /__/quitquitquit

[info] +  functions: Loaded functions definitions from source: startNewChatSession, processNewMessage. {"metadata":{"emulator":{"name":"functions"},"message":"Loaded functions definitions from source: startNewChatSession, processNewMessage."}}
[info] +  functions[us-central1-startNewChatSession]: http function initialized (http://localhost:5001/project-depression-chatbot/us-central1/startNewChatSession). {"metadata":{"emulator":{"name":"functions"},"message":"\u001b[1mhttp\u001b[22m function initialized (http://localhost:5001/project-depression-chatbot/us-central1/startNewChatSession)."}}
[info] +  functions[us-central1-processNewMessage]: http function initialized (http://localhost:5001/project-depression-chatbot/us-central1/processNewMessage). {"metadata":{"emulator":{"name":"functions"},"message":"\u001b[1mhttp\u001b[22m function initialized (http://localhost:5001/project-depression-chatbot/us-central1/processNewMessage)."}}
[info] 
┌─────────────────────────────────────────────────────────────┐
│ ✔  All emulators ready! It is now safe to connect your app. │
│ i  View Emulator UI at http://localhost:4000                │
└─────────────────────────────────────────────────────────────┘

┌───────────┬────────────────┬─────────────────────────────────┐
│ Emulator  │ Host:Port      │ View in Emulator UI             │
├───────────┼────────────────┼─────────────────────────────────┤
│ Functions │ localhost:5001 │ http://localhost:4000/functions │
└───────────┴────────────────┴─────────────────────────────────┘
  Emulator Hub running at localhost:4400
  Other reserved ports: 4500

Issues? Report them at https://github.com/firebase/firebase-tools/issues and attach the *-debug.log files.
 
[debug] [2022-10-14T00:09:56.525Z] [work-queue] {"queueLength":1,"workRunningCount":0}
[debug] [2022-10-14T00:09:56.526Z] [work-queue] {"queueLength":0,"workRunningCount":1}
[debug] [2022-10-14T00:09:56.526Z] Accepted request OPTIONS /project-depression-chatbot/us-central1/startNewChatSession --> us-central1-startNewChatSession
[debug] [2022-10-14T00:09:56.528Z] [functions] Runtime ready! Sending request! {"metadata":{"emulator":{"name":"functions"},"message":"[functions] Runtime ready! Sending request!"}}
[debug] [2022-10-14T00:09:56.529Z] [functions] Got req.url=/project-depression-chatbot/us-central1/startNewChatSession, mapping to path=/ {"metadata":{"emulator":{"name":"functions"},"message":"[functions] Got req.url=/project-depression-chatbot/us-central1/startNewChatSession, mapping to path=/"}}
[debug] [2022-10-14T00:09:56.537Z] [worker-pool] addWorker(us-central1-startNewChatSession) {"metadata":{"emulator":{"name":"functions"},"message":"[worker-pool] addWorker(us-central1-startNewChatSession)"}}
[debug] [2022-10-14T00:09:56.537Z] [worker-pool] Adding worker with key us-central1-startNewChatSession, total=1 {"metadata":{"emulator":{"name":"functions"},"message":"[worker-pool] Adding worker with key us-central1-startNewChatSession, total=1"}}
[debug] [2022-10-14T00:09:57.284Z] [runtime-status] [10140] Resolved module firebase-admin {"declared":true,"installed":true,"version":"10.3.0","resolution":"C:\\Users\\aleja\\OneDrive\\Documents\\Projects\\depression-chatbot\\functions\\node_modules\\firebase-admin\\lib\\index.js"} {"metadata":{"emulator":{"name":"functions"},"function":{"name":"us-central1-startNewChatSession"},"extension":{},"message":"[runtime-status] [10140] Resolved module firebase-admin {\"declared\":true,\"installed\":true,\"version\":\"10.3.0\",\"resolution\":\"C:\\\\Users\\\\aleja\\\\OneDrive\\\\Documents\\\\Projects\\\\depression-chatbot\\\\functions\\\\node_modules\\\\firebase-admin\\\\lib\\\\index.js\"}"}}
[debug] [2022-10-14T00:09:57.285Z] [runtime-status] [10140] Resolved module firebase-functions {"declared":true,"installed":true,"version":"3.24.1","resolution":"C:\\Users\\aleja\\OneDrive\\Documents\\Projects\\depression-chatbot\\functions\\node_modules\\firebase-functions\\lib\\index.js"} {"metadata":{"emulator":{"name":"functions"},"function":{"name":"us-central1-startNewChatSession"},"extension":{},"message":"[runtime-status] [10140] Resolved module firebase-functions {\"declared\":true,\"installed\":true,\"version\":\"3.24.1\",\"resolution\":\"C:\\\\Users\\\\aleja\\\\OneDrive\\\\Documents\\\\Projects\\\\depression-chatbot\\\\functions\\\\node_modules\\\\firebase-functions\\\\lib\\\\index.js\"}"}}
[debug] [2022-10-14T00:09:57.285Z] [runtime-status] [10140] Outgoing network have been stubbed. [{"name":"http","status":"mocked"},{"name":"http","status":"mocked"},{"name":"https","status":"mocked"},{"name":"https","status":"mocked"},{"name":"net","status":"mocked"}] {"metadata":{"emulator":{"name":"functions"},"function":{"name":"us-central1-startNewChatSession"},"extension":{},"message":"[runtime-status] [10140] Outgoing network have been stubbed. [{\"name\":\"http\",\"status\":\"mocked\"},{\"name\":\"http\",\"status\":\"mocked\"},{\"name\":\"https\",\"status\":\"mocked\"},{\"name\":\"https\",\"status\":\"mocked\"},{\"name\":\"net\",\"status\":\"mocked\"}]"}}
[debug] [2022-10-14T00:09:57.286Z] [runtime-status] [10140] Resolved module firebase-functions {"declared":true,"installed":true,"version":"3.24.1","resolution":"C:\\Users\\aleja\\OneDrive\\Documents\\Projects\\depression-chatbot\\functions\\node_modules\\firebase-functions\\lib\\index.js"} {"metadata":{"emulator":{"name":"functions"},"function":{"name":"us-central1-startNewChatSession"},"extension":{},"message":"[runtime-status] [10140] Resolved module firebase-functions {\"declared\":true,\"installed\":true,\"version\":\"3.24.1\",\"resolution\":\"C:\\\\Users\\\\aleja\\\\OneDrive\\\\Documents\\\\Projects\\\\depression-chatbot\\\\functions\\\\node_modules\\\\firebase-functions\\\\lib\\\\index.js\"}"}}
[debug] [2022-10-14T00:09:57.315Z] [runtime-status] [10140] Checked functions.config() {"config":{}} {"metadata":{"emulator":{"name":"functions"},"function":{"name":"us-central1-startNewChatSession"},"extension":{},"message":"[runtime-status] [10140] Checked functions.config() {\"config\":{}}"}}
[debug] [2022-10-14T00:09:57.316Z] [runtime-status] [10140] firebase-functions has been stubbed. {"functionsResolution":{"declared":true,"installed":true,"version":"3.24.1","resolution":"C:\\Users\\aleja\\OneDrive\\Documents\\Projects\\depression-chatbot\\functions\\node_modules\\firebase-functions\\lib\\index.js"}} {"metadata":{"emulator":{"name":"functions"},"function":{"name":"us-central1-startNewChatSession"},"extension":{},"message":"[runtime-status] [10140] firebase-functions has been stubbed. {\"functionsResolution\":{\"declared\":true,\"installed\":true,\"version\":\"3.24.1\",\"resolution\":\"C:\\\\Users\\\\aleja\\\\OneDrive\\\\Documents\\\\Projects\\\\depression-chatbot\\\\functions\\\\node_modules\\\\firebase-functions\\\\lib\\\\index.js\"}}"}}
[debug] [2022-10-14T00:09:57.316Z] [runtime-status] [10140] Resolved module firebase-functions {"declared":true,"installed":true,"version":"3.24.1","resolution":"C:\\Users\\aleja\\OneDrive\\Documents\\Projects\\depression-chatbot\\functions\\node_modules\\firebase-functions\\lib\\index.js"} {"metadata":{"emulator":{"name":"functions"},"function":{"name":"us-central1-startNewChatSession"},"extension":{},"message":"[runtime-status] [10140] Resolved module firebase-functions {\"declared\":true,\"installed\":true,\"version\":\"3.24.1\",\"resolution\":\"C:\\\\Users\\\\aleja\\\\OneDrive\\\\Documents\\\\Projects\\\\depression-chatbot\\\\functions\\\\node_modules\\\\firebase-functions\\\\lib\\\\index.js\"}"}}
[debug] [2022-10-14T00:09:57.317Z] [runtime-status] [10140] Resolved module firebase-admin {"declared":true,"installed":true,"version":"10.3.0","resolution":"C:\\Users\\aleja\\OneDrive\\Documents\\Projects\\depression-chatbot\\functions\\node_modules\\firebase-admin\\lib\\index.js"} {"metadata":{"emulator":{"name":"functions"},"function":{"name":"us-central1-startNewChatSession"},"extension":{},"message":"[runtime-status] [10140] Resolved module firebase-admin {\"declared\":true,\"installed\":true,\"version\":\"10.3.0\",\"resolution\":\"C:\\\\Users\\\\aleja\\\\OneDrive\\\\Documents\\\\Projects\\\\depression-chatbot\\\\functions\\\\node_modules\\\\firebase-admin\\\\lib\\\\index.js\"}"}}
[debug] [2022-10-14T00:09:57.318Z] [runtime-status] [10140] Resolved module firebase-functions {"declared":true,"installed":true,"version":"3.24.1","resolution":"C:\\Users\\aleja\\OneDrive\\Documents\\Projects\\depression-chatbot\\functions\\node_modules\\firebase-functions\\lib\\index.js"} {"metadata":{"emulator":{"name":"functions"},"function":{"name":"us-central1-startNewChatSession"},"extension":{},"message":"[runtime-status] [10140] Resolved module firebase-functions {\"declared\":true,\"installed\":true,\"version\":\"3.24.1\",\"resolution\":\"C:\\\\Users\\\\aleja\\\\OneDrive\\\\Documents\\\\Projects\\\\depression-chatbot\\\\functions\\\\node_modules\\\\firebase-functions\\\\lib\\\\index.js\"}"}}
[debug] [2022-10-14T00:09:57.318Z] [runtime-status] [10140] firebase-admin has been stubbed. {"adminResolution":{"declared":true,"installed":true,"version":"10.3.0","resolution":"C:\\Users\\aleja\\OneDrive\\Documents\\Projects\\depression-chatbot\\functions\\node_modules\\firebase-admin\\lib\\index.js"}} {"metadata":{"emulator":{"name":"functions"},"function":{"name":"us-central1-startNewChatSession"},"extension":{},"message":"[runtime-status] [10140] firebase-admin has been stubbed. {\"adminResolution\":{\"declared\":true,\"installed\":true,\"version\":\"10.3.0\",\"resolution\":\"C:\\\\Users\\\\aleja\\\\OneDrive\\\\Documents\\\\Projects\\\\depression-chatbot\\\\functions\\\\node_modules\\\\firebase-admin\\\\lib\\\\index.js\"}}"}}
[debug] [2022-10-14T00:09:57.451Z] [runtime-status] [10140] initializeApp(DEFAULT) {"storageBucket":"project-depression-chatbot.appspot.com","projectId":"project-depression-chatbot"} {"metadata":{"emulator":{"name":"functions"},"function":{"name":"us-central1-startNewChatSession"},"extension":{},"message":"[runtime-status] [10140] initializeApp(DEFAULT) {\"storageBucket\":\"project-depression-chatbot.appspot.com\",\"projectId\":\"project-depression-chatbot\"}"}}
[debug] [2022-10-14T00:09:57.455Z] [runtime-status] [10140] Functions runtime initialized. {"cwd":"C:\\Users\\aleja\\OneDrive\\Documents\\Projects\\depression-chatbot\\functions","node_version":"16.16.0"} {"metadata":{"emulator":{"name":"functions"},"function":{"name":"us-central1-startNewChatSession"},"extension":{},"message":"[runtime-status] [10140] Functions runtime initialized. {\"cwd\":\"C:\\\\Users\\\\aleja\\\\OneDrive\\\\Documents\\\\Projects\\\\depression-chatbot\\\\functions\",\"node_version\":\"16.16.0\"}"}}
[debug] [2022-10-14T00:09:57.455Z] [runtime-status] [10140] Listening to port: \\?\pipe\fire_emu_b39979f7932b4d3c {"metadata":{"emulator":{"name":"functions"},"function":{"name":"us-central1-startNewChatSession"},"extension":{},"message":"[runtime-status] [10140] Listening to port: \\\\?\\pipe\\fire_emu_b39979f7932b4d3c"}}
[debug] [2022-10-14T00:09:57.516Z] [worker-pool] submitRequest(triggerId=us-central1-startNewChatSession) {"metadata":{"emulator":{"name":"functions"},"message":"[worker-pool] submitRequest(triggerId=us-central1-startNewChatSession)"}}
[debug] [2022-10-14T00:09:57.516Z] [worker-us-central1-startNewChatSession-8cf899a7-8d6c-4127-942a-caf1b190fc78]: BUSY {"metadata":{"emulator":{"name":"functions"},"message":"[worker-us-central1-startNewChatSession-8cf899a7-8d6c-4127-942a-caf1b190fc78]: BUSY"}}
[info] i  functions: Beginning execution of "startNewChatSession" {"metadata":{"emulator":{"name":"functions"},"function":{"name":"us-central1-startNewChatSession"},"extension":{},"message":"Beginning execution of \"startNewChatSession\""}}
[debug] [2022-10-14T00:09:57.519Z] [worker-us-central1-startNewChatSession-8cf899a7-8d6c-4127-942a-caf1b190fc78]: IDLE {"metadata":{"emulator":{"name":"functions"},"message":"[worker-us-central1-startNewChatSession-8cf899a7-8d6c-4127-942a-caf1b190fc78]: IDLE"}}
[debug] [2022-10-14T00:09:57.519Z] [work-queue] {"queueLength":0,"workRunningCount":0}
[info] i  functions: Finished "startNewChatSession" in 0.8413ms {"metadata":{"emulator":{"name":"functions"},"function":{"name":"us-central1-startNewChatSession"},"extension":{},"message":"Finished \"startNewChatSession\" in 0.8413ms"}}
[debug] [2022-10-14T00:09:57.521Z] [work-queue] {"queueLength":1,"workRunningCount":0}
[debug] [2022-10-14T00:09:57.521Z] [work-queue] {"queueLength":0,"workRunningCount":1}
[debug] [2022-10-14T00:09:57.522Z] Accepted request POST /project-depression-chatbot/us-central1/startNewChatSession --> us-central1-startNewChatSession
[debug] [2022-10-14T00:09:57.523Z] [functions] Runtime ready! Sending request! {"metadata":{"emulator":{"name":"functions"},"message":"[functions] Runtime ready! Sending request!"}}
[debug] [2022-10-14T00:09:57.523Z] [functions] Got req.url=/project-depression-chatbot/us-central1/startNewChatSession, mapping to path=/ {"metadata":{"emulator":{"name":"functions"},"message":"[functions] Got req.url=/project-depression-chatbot/us-central1/startNewChatSession, mapping to path=/"}}
[debug] [2022-10-14T00:09:57.523Z] [worker-pool] submitRequest(triggerId=us-central1-startNewChatSession) {"metadata":{"emulator":{"name":"functions"},"message":"[worker-pool] submitRequest(triggerId=us-central1-startNewChatSession)"}}
[debug] [2022-10-14T00:09:57.524Z] [worker-us-central1-startNewChatSession-8cf899a7-8d6c-4127-942a-caf1b190fc78]: BUSY {"metadata":{"emulator":{"name":"functions"},"message":"[worker-us-central1-startNewChatSession-8cf899a7-8d6c-4127-942a-caf1b190fc78]: BUSY"}}
[info] i  functions: Beginning execution of "startNewChatSession" {"metadata":{"emulator":{"name":"functions"},"function":{"name":"us-central1-startNewChatSession"},"extension":{},"message":"Beginning execution of \"startNewChatSession\""}}
[info] >  {"verifications":{"app":"MISSING","auth":"MISSING"},"logging.googleapis.com/labels":{"firebase-log-type":"callable-request-verification"},"severity":"INFO","message":"Callable request verification passed"} {"user":{"verifications":{"app":"MISSING","auth":"MISSING"},"logging.googleapis.com/labels":{"firebase-log-type":"callable-request-verification"},"severity":"INFO","message":"Callable request verification passed"},"metadata":{"emulator":{"name":"functions"},"function":{"name":"us-central1-startNewChatSession"},"extension":{},"message":"\u001b[90m> \u001b[39m {\"verifications\":{\"app\":\"MISSING\",\"auth\":\"MISSING\"},\"logging.googleapis.com/labels\":{\"firebase-log-type\":\"callable-request-verification\"},\"severity\":\"INFO\",\"message\":\"Callable request verification passed\"}"}}
[debug] [2022-10-14T00:09:57.536Z] [runtime-status] [10140] No callable functions auth found {"metadata":{"emulator":{"name":"functions"},"function":{"name":"us-central1-startNewChatSession"},"extension":{},"message":"[runtime-status] [10140] No callable functions auth found"}}
[warn] !  functions: The Cloud Firestore emulator is not running, so calls to Firestore will affect production. {"metadata":{"emulator":{"name":"functions"},"function":{"name":"us-central1-startNewChatSession"},"extension":{},"message":"The Cloud Firestore emulator is not running, so calls to Firestore will affect production."}}
[warn] !  Google API requested!
   - URL: "https://oauth2.googleapis.com/token"
   - Be careful, this may be a production service. {"metadata":{"emulator":{"name":"functions"},"function":{"name":"us-central1-startNewChatSession"},"extension":{},"message":"Google API requested!\n   - URL: \"https://oauth2.googleapis.com/token\"\n   - Be careful, this may be a production service."}}
[debug] [2022-10-14T00:09:58.530Z] [worker-us-central1-startNewChatSession-8cf899a7-8d6c-4127-942a-caf1b190fc78]: IDLE {"metadata":{"emulator":{"name":"functions"},"message":"[worker-us-central1-startNewChatSession-8cf899a7-8d6c-4127-942a-caf1b190fc78]: IDLE"}}
[debug] [2022-10-14T00:09:58.530Z] [work-queue] {"queueLength":0,"workRunningCount":0}
[info] i  functions: Finished "startNewChatSession" in 995.6214ms {"metadata":{"emulator":{"name":"functions"},"function":{"name":"us-central1-startNewChatSession"},"extension":{},"message":"Finished \"startNewChatSession\" in 995.6214ms"}}
[debug] [2022-10-14T00:10:01.355Z] [work-queue] {"queueLength":1,"workRunningCount":0}
[debug] [2022-10-14T00:10:01.355Z] [work-queue] {"queueLength":0,"workRunningCount":1}
[debug] [2022-10-14T00:10:01.355Z] Accepted request OPTIONS /project-depression-chatbot/us-central1/processNewMessage --> us-central1-processNewMessage
[debug] [2022-10-14T00:10:01.357Z] [functions] Runtime ready! Sending request! {"metadata":{"emulator":{"name":"functions"},"message":"[functions] Runtime ready! Sending request!"}}
[debug] [2022-10-14T00:10:01.357Z] [functions] Got req.url=/project-depression-chatbot/us-central1/processNewMessage, mapping to path=/ {"metadata":{"emulator":{"name":"functions"},"message":"[functions] Got req.url=/project-depression-chatbot/us-central1/processNewMessage, mapping to path=/"}}
[debug] [2022-10-14T00:10:01.361Z] [worker-pool] addWorker(us-central1-processNewMessage) {"metadata":{"emulator":{"name":"functions"},"message":"[worker-pool] addWorker(us-central1-processNewMessage)"}}
[debug] [2022-10-14T00:10:01.361Z] [worker-pool] Adding worker with key us-central1-processNewMessage, total=1 {"metadata":{"emulator":{"name":"functions"},"message":"[worker-pool] Adding worker with key us-central1-processNewMessage, total=1"}}
[debug] [2022-10-14T00:10:02.099Z] [runtime-status] [6364] Resolved module firebase-admin {"declared":true,"installed":true,"version":"10.3.0","resolution":"C:\\Users\\aleja\\OneDrive\\Documents\\Projects\\depression-chatbot\\functions\\node_modules\\firebase-admin\\lib\\index.js"} {"metadata":{"emulator":{"name":"functions"},"function":{"name":"us-central1-processNewMessage"},"extension":{},"message":"[runtime-status] [6364] Resolved module firebase-admin {\"declared\":true,\"installed\":true,\"version\":\"10.3.0\",\"resolution\":\"C:\\\\Users\\\\aleja\\\\OneDrive\\\\Documents\\\\Projects\\\\depression-chatbot\\\\functions\\\\node_modules\\\\firebase-admin\\\\lib\\\\index.js\"}"}}
[debug] [2022-10-14T00:10:02.101Z] [runtime-status] [6364] Resolved module firebase-functions {"declared":true,"installed":true,"version":"3.24.1","resolution":"C:\\Users\\aleja\\OneDrive\\Documents\\Projects\\depression-chatbot\\functions\\node_modules\\firebase-functions\\lib\\index.js"} {"metadata":{"emulator":{"name":"functions"},"function":{"name":"us-central1-processNewMessage"},"extension":{},"message":"[runtime-status] [6364] Resolved module firebase-functions {\"declared\":true,\"installed\":true,\"version\":\"3.24.1\",\"resolution\":\"C:\\\\Users\\\\aleja\\\\OneDrive\\\\Documents\\\\Projects\\\\depression-chatbot\\\\functions\\\\node_modules\\\\firebase-functions\\\\lib\\\\index.js\"}"}}
[debug] [2022-10-14T00:10:02.101Z] [runtime-status] [6364] Outgoing network have been stubbed. [{"name":"http","status":"mocked"},{"name":"http","status":"mocked"},{"name":"https","status":"mocked"},{"name":"https","status":"mocked"},{"name":"net","status":"mocked"}] {"metadata":{"emulator":{"name":"functions"},"function":{"name":"us-central1-processNewMessage"},"extension":{},"message":"[runtime-status] [6364] Outgoing network have been stubbed. [{\"name\":\"http\",\"status\":\"mocked\"},{\"name\":\"http\",\"status\":\"mocked\"},{\"name\":\"https\",\"status\":\"mocked\"},{\"name\":\"https\",\"status\":\"mocked\"},{\"name\":\"net\",\"status\":\"mocked\"}]"}}
[debug] [2022-10-14T00:10:02.102Z] [runtime-status] [6364] Resolved module firebase-functions {"declared":true,"installed":true,"version":"3.24.1","resolution":"C:\\Users\\aleja\\OneDrive\\Documents\\Projects\\depression-chatbot\\functions\\node_modules\\firebase-functions\\lib\\index.js"} {"metadata":{"emulator":{"name":"functions"},"function":{"name":"us-central1-processNewMessage"},"extension":{},"message":"[runtime-status] [6364] Resolved module firebase-functions {\"declared\":true,\"installed\":true,\"version\":\"3.24.1\",\"resolution\":\"C:\\\\Users\\\\aleja\\\\OneDrive\\\\Documents\\\\Projects\\\\depression-chatbot\\\\functions\\\\node_modules\\\\firebase-functions\\\\lib\\\\index.js\"}"}}
[debug] [2022-10-14T00:10:02.133Z] [runtime-status] [6364] Checked functions.config() {"config":{}} {"metadata":{"emulator":{"name":"functions"},"function":{"name":"us-central1-processNewMessage"},"extension":{},"message":"[runtime-status] [6364] Checked functions.config() {\"config\":{}}"}}
[debug] [2022-10-14T00:10:02.133Z] [runtime-status] [6364] firebase-functions has been stubbed. {"functionsResolution":{"declared":true,"installed":true,"version":"3.24.1","resolution":"C:\\Users\\aleja\\OneDrive\\Documents\\Projects\\depression-chatbot\\functions\\node_modules\\firebase-functions\\lib\\index.js"}} {"metadata":{"emulator":{"name":"functions"},"function":{"name":"us-central1-processNewMessage"},"extension":{},"message":"[runtime-status] [6364] firebase-functions has been stubbed. {\"functionsResolution\":{\"declared\":true,\"installed\":true,\"version\":\"3.24.1\",\"resolution\":\"C:\\\\Users\\\\aleja\\\\OneDrive\\\\Documents\\\\Projects\\\\depression-chatbot\\\\functions\\\\node_modules\\\\firebase-functions\\\\lib\\\\index.js\"}}"}}
[debug] [2022-10-14T00:10:02.133Z] [runtime-status] [6364] Resolved module firebase-functions {"declared":true,"installed":true,"version":"3.24.1","resolution":"C:\\Users\\aleja\\OneDrive\\Documents\\Projects\\depression-chatbot\\functions\\node_modules\\firebase-functions\\lib\\index.js"} {"metadata":{"emulator":{"name":"functions"},"function":{"name":"us-central1-processNewMessage"},"extension":{},"message":"[runtime-status] [6364] Resolved module firebase-functions {\"declared\":true,\"installed\":true,\"version\":\"3.24.1\",\"resolution\":\"C:\\\\Users\\\\aleja\\\\OneDrive\\\\Documents\\\\Projects\\\\depression-chatbot\\\\functions\\\\node_modules\\\\firebase-functions\\\\lib\\\\index.js\"}"}}
[debug] [2022-10-14T00:10:02.134Z] [runtime-status] [6364] Resolved module firebase-admin {"declared":true,"installed":true,"version":"10.3.0","resolution":"C:\\Users\\aleja\\OneDrive\\Documents\\Projects\\depression-chatbot\\functions\\node_modules\\firebase-admin\\lib\\index.js"} {"metadata":{"emulator":{"name":"functions"},"function":{"name":"us-central1-processNewMessage"},"extension":{},"message":"[runtime-status] [6364] Resolved module firebase-admin {\"declared\":true,\"installed\":true,\"version\":\"10.3.0\",\"resolution\":\"C:\\\\Users\\\\aleja\\\\OneDrive\\\\Documents\\\\Projects\\\\depression-chatbot\\\\functions\\\\node_modules\\\\firebase-admin\\\\lib\\\\index.js\"}"}}
[debug] [2022-10-14T00:10:02.135Z] [runtime-status] [6364] Resolved module firebase-functions {"declared":true,"installed":true,"version":"3.24.1","resolution":"C:\\Users\\aleja\\OneDrive\\Documents\\Projects\\depression-chatbot\\functions\\node_modules\\firebase-functions\\lib\\index.js"} {"metadata":{"emulator":{"name":"functions"},"function":{"name":"us-central1-processNewMessage"},"extension":{},"message":"[runtime-status] [6364] Resolved module firebase-functions {\"declared\":true,\"installed\":true,\"version\":\"3.24.1\",\"resolution\":\"C:\\\\Users\\\\aleja\\\\OneDrive\\\\Documents\\\\Projects\\\\depression-chatbot\\\\functions\\\\node_modules\\\\firebase-functions\\\\lib\\\\index.js\"}"}}
[debug] [2022-10-14T00:10:02.135Z] [runtime-status] [6364] firebase-admin has been stubbed. {"adminResolution":{"declared":true,"installed":true,"version":"10.3.0","resolution":"C:\\Users\\aleja\\OneDrive\\Documents\\Projects\\depression-chatbot\\functions\\node_modules\\firebase-admin\\lib\\index.js"}} {"metadata":{"emulator":{"name":"functions"},"function":{"name":"us-central1-processNewMessage"},"extension":{},"message":"[runtime-status] [6364] firebase-admin has been stubbed. {\"adminResolution\":{\"declared\":true,\"installed\":true,\"version\":\"10.3.0\",\"resolution\":\"C:\\\\Users\\\\aleja\\\\OneDrive\\\\Documents\\\\Projects\\\\depression-chatbot\\\\functions\\\\node_modules\\\\firebase-admin\\\\lib\\\\index.js\"}}"}}
[debug] [2022-10-14T00:10:02.263Z] [runtime-status] [6364] initializeApp(DEFAULT) {"storageBucket":"project-depression-chatbot.appspot.com","projectId":"project-depression-chatbot"} {"metadata":{"emulator":{"name":"functions"},"function":{"name":"us-central1-processNewMessage"},"extension":{},"message":"[runtime-status] [6364] initializeApp(DEFAULT) {\"storageBucket\":\"project-depression-chatbot.appspot.com\",\"projectId\":\"project-depression-chatbot\"}"}}
[debug] [2022-10-14T00:10:02.268Z] [runtime-status] [6364] Functions runtime initialized. {"cwd":"C:\\Users\\aleja\\OneDrive\\Documents\\Projects\\depression-chatbot\\functions","node_version":"16.16.0"} {"metadata":{"emulator":{"name":"functions"},"function":{"name":"us-central1-processNewMessage"},"extension":{},"message":"[runtime-status] [6364] Functions runtime initialized. {\"cwd\":\"C:\\\\Users\\\\aleja\\\\OneDrive\\\\Documents\\\\Projects\\\\depression-chatbot\\\\functions\",\"node_version\":\"16.16.0\"}"}}
[debug] [2022-10-14T00:10:02.269Z] [runtime-status] [6364] Listening to port: \\?\pipe\fire_emu_1644bfc5d34fd147 {"metadata":{"emulator":{"name":"functions"},"function":{"name":"us-central1-processNewMessage"},"extension":{},"message":"[runtime-status] [6364] Listening to port: \\\\?\\pipe\\fire_emu_1644bfc5d34fd147"}}
[debug] [2022-10-14T00:10:02.346Z] [worker-pool] submitRequest(triggerId=us-central1-processNewMessage) {"metadata":{"emulator":{"name":"functions"},"message":"[worker-pool] submitRequest(triggerId=us-central1-processNewMessage)"}}
[debug] [2022-10-14T00:10:02.346Z] [worker-us-central1-processNewMessage-7c551ba9-ba3d-4e41-b803-9d02e2c56ffe]: BUSY {"metadata":{"emulator":{"name":"functions"},"message":"[worker-us-central1-processNewMessage-7c551ba9-ba3d-4e41-b803-9d02e2c56ffe]: BUSY"}}
[info] i  functions: Beginning execution of "processNewMessage" {"metadata":{"emulator":{"name":"functions"},"function":{"name":"us-central1-processNewMessage"},"extension":{},"message":"Beginning execution of \"processNewMessage\""}}
[debug] [2022-10-14T00:10:02.350Z] [worker-us-central1-processNewMessage-7c551ba9-ba3d-4e41-b803-9d02e2c56ffe]: IDLE {"metadata":{"emulator":{"name":"functions"},"message":"[worker-us-central1-processNewMessage-7c551ba9-ba3d-4e41-b803-9d02e2c56ffe]: IDLE"}}
[debug] [2022-10-14T00:10:02.350Z] [work-queue] {"queueLength":0,"workRunningCount":0}
[info] i  functions: Finished "processNewMessage" in 1.3239ms {"metadata":{"emulator":{"name":"functions"},"function":{"name":"us-central1-processNewMessage"},"extension":{},"message":"Finished \"processNewMessage\" in 1.3239ms"}}
[debug] [2022-10-14T00:10:02.352Z] [work-queue] {"queueLength":1,"workRunningCount":0}
[debug] [2022-10-14T00:10:02.352Z] [work-queue] {"queueLength":0,"workRunningCount":1}
[debug] [2022-10-14T00:10:02.352Z] Accepted request POST /project-depression-chatbot/us-central1/processNewMessage --> us-central1-processNewMessage
[debug] [2022-10-14T00:10:02.354Z] [functions] Runtime ready! Sending request! {"metadata":{"emulator":{"name":"functions"},"message":"[functions] Runtime ready! Sending request!"}}
[debug] [2022-10-14T00:10:02.354Z] [functions] Got req.url=/project-depression-chatbot/us-central1/processNewMessage, mapping to path=/ {"metadata":{"emulator":{"name":"functions"},"message":"[functions] Got req.url=/project-depression-chatbot/us-central1/processNewMessage, mapping to path=/"}}
[debug] [2022-10-14T00:10:02.354Z] [worker-pool] submitRequest(triggerId=us-central1-processNewMessage) {"metadata":{"emulator":{"name":"functions"},"message":"[worker-pool] submitRequest(triggerId=us-central1-processNewMessage)"}}
[debug] [2022-10-14T00:10:02.354Z] [worker-us-central1-processNewMessage-7c551ba9-ba3d-4e41-b803-9d02e2c56ffe]: BUSY {"metadata":{"emulator":{"name":"functions"},"message":"[worker-us-central1-processNewMessage-7c551ba9-ba3d-4e41-b803-9d02e2c56ffe]: BUSY"}}
[info] i  functions: Beginning execution of "processNewMessage" {"metadata":{"emulator":{"name":"functions"},"function":{"name":"us-central1-processNewMessage"},"extension":{},"message":"Beginning execution of \"processNewMessage\""}}
[info] >  {"verifications":{"app":"MISSING","auth":"MISSING"},"logging.googleapis.com/labels":{"firebase-log-type":"callable-request-verification"},"severity":"INFO","message":"Callable request verification passed"} {"user":{"verifications":{"app":"MISSING","auth":"MISSING"},"logging.googleapis.com/labels":{"firebase-log-type":"callable-request-verification"},"severity":"INFO","message":"Callable request verification passed"},"metadata":{"emulator":{"name":"functions"},"function":{"name":"us-central1-processNewMessage"},"extension":{},"message":"\u001b[90m> \u001b[39m {\"verifications\":{\"app\":\"MISSING\",\"auth\":\"MISSING\"},\"logging.googleapis.com/labels\":{\"firebase-log-type\":\"callable-request-verification\"},\"severity\":\"INFO\",\"message\":\"Callable request verification passed\"}"}}
[debug] [2022-10-14T00:10:02.364Z] [runtime-status] [6364] No callable functions auth found {"metadata":{"emulator":{"name":"functions"},"function":{"name":"us-central1-processNewMessage"},"extension":{},"message":"[runtime-status] [6364] No callable functions auth found"}}
[warn] !  Google API requested!
   - URL: "https://www.googleapis.com/oauth2/v4/token"
   - Be careful, this may be a production service. {"metadata":{"emulator":{"name":"functions"},"function":{"name":"us-central1-processNewMessage"},"extension":{},"message":"Google API requested!\n   - URL: \"https://www.googleapis.com/oauth2/v4/token\"\n   - Be careful, this may be a production service."}}
[warn] !  Google API requested!
   - URL: "https://oauth2.googleapis.com/token"
   - Be careful, this may be a production service. {"metadata":{"emulator":{"name":"functions"},"function":{"name":"us-central1-processNewMessage"},"extension":{},"message":"Google API requested!\n   - URL: \"https://oauth2.googleapis.com/token\"\n   - Be careful, this may be a production service."}}
[debug] [2022-10-14T00:10:04.801Z] [worker-us-central1-processNewMessage-7c551ba9-ba3d-4e41-b803-9d02e2c56ffe]: IDLE {"metadata":{"emulator":{"name":"functions"},"message":"[worker-us-central1-processNewMessage-7c551ba9-ba3d-4e41-b803-9d02e2c56ffe]: IDLE"}}
[debug] [2022-10-14T00:10:04.802Z] [work-queue] {"queueLength":0,"workRunningCount":0}
[info] i  functions: Finished "processNewMessage" in 2438.7036ms {"metadata":{"emulator":{"name":"functions"},"function":{"name":"us-central1-processNewMessage"},"extension":{},"message":"Finished \"processNewMessage\" in 2438.7036ms"}}
[debug] [2022-10-14T00:10:14.482Z] [work-queue] {"queueLength":1,"workRunningCount":0}
[debug] [2022-10-14T00:10:14.482Z] [work-queue] {"queueLength":0,"workRunningCount":1}
[debug] [2022-10-14T00:10:14.482Z] Accepted request OPTIONS /project-depression-chatbot/us-central1/processNewMessage --> us-central1-processNewMessage
[debug] [2022-10-14T00:10:14.484Z] [functions] Runtime ready! Sending request! {"metadata":{"emulator":{"name":"functions"},"message":"[functions] Runtime ready! Sending request!"}}
[debug] [2022-10-14T00:10:14.484Z] [functions] Got req.url=/project-depression-chatbot/us-central1/processNewMessage, mapping to path=/ {"metadata":{"emulator":{"name":"functions"},"message":"[functions] Got req.url=/project-depression-chatbot/us-central1/processNewMessage, mapping to path=/"}}
[debug] [2022-10-14T00:10:14.484Z] [worker-pool] submitRequest(triggerId=us-central1-processNewMessage) {"metadata":{"emulator":{"name":"functions"},"message":"[worker-pool] submitRequest(triggerId=us-central1-processNewMessage)"}}
[debug] [2022-10-14T00:10:14.484Z] [worker-us-central1-processNewMessage-7c551ba9-ba3d-4e41-b803-9d02e2c56ffe]: BUSY {"metadata":{"emulator":{"name":"functions"},"message":"[worker-us-central1-processNewMessage-7c551ba9-ba3d-4e41-b803-9d02e2c56ffe]: BUSY"}}
[info] i  functions: Beginning execution of "processNewMessage" {"metadata":{"emulator":{"name":"functions"},"function":{"name":"us-central1-processNewMessage"},"extension":{},"message":"Beginning execution of \"processNewMessage\""}}
[debug] [2022-10-14T00:10:14.486Z] [worker-us-central1-processNewMessage-7c551ba9-ba3d-4e41-b803-9d02e2c56ffe]: IDLE {"metadata":{"emulator":{"name":"functions"},"message":"[worker-us-central1-processNewMessage-7c551ba9-ba3d-4e41-b803-9d02e2c56ffe]: IDLE"}}
[debug] [2022-10-14T00:10:14.486Z] [work-queue] {"queueLength":0,"workRunningCount":0}
[info] i  functions: Finished "processNewMessage" in 0.3468ms {"metadata":{"emulator":{"name":"functions"},"function":{"name":"us-central1-processNewMessage"},"extension":{},"message":"Finished \"processNewMessage\" in 0.3468ms"}}
[debug] [2022-10-14T00:10:14.488Z] [work-queue] {"queueLength":1,"workRunningCount":0}
[debug] [2022-10-14T00:10:14.488Z] [work-queue] {"queueLength":0,"workRunningCount":1}
[debug] [2022-10-14T00:10:14.488Z] Accepted request POST /project-depression-chatbot/us-central1/processNewMessage --> us-central1-processNewMessage
[debug] [2022-10-14T00:10:14.489Z] [functions] Runtime ready! Sending request! {"metadata":{"emulator":{"name":"functions"},"message":"[functions] Runtime ready! Sending request!"}}
[debug] [2022-10-14T00:10:14.490Z] [functions] Got req.url=/project-depression-chatbot/us-central1/processNewMessage, mapping to path=/ {"metadata":{"emulator":{"name":"functions"},"message":"[functions] Got req.url=/project-depression-chatbot/us-central1/processNewMessage, mapping to path=/"}}
[debug] [2022-10-14T00:10:14.490Z] [worker-pool] submitRequest(triggerId=us-central1-processNewMessage) {"metadata":{"emulator":{"name":"functions"},"message":"[worker-pool] submitRequest(triggerId=us-central1-processNewMessage)"}}
[debug] [2022-10-14T00:10:14.490Z] [worker-us-central1-processNewMessage-7c551ba9-ba3d-4e41-b803-9d02e2c56ffe]: BUSY {"metadata":{"emulator":{"name":"functions"},"message":"[worker-us-central1-processNewMessage-7c551ba9-ba3d-4e41-b803-9d02e2c56ffe]: BUSY"}}
[info] i  functions: Beginning execution of "processNewMessage" {"metadata":{"emulator":{"name":"functions"},"function":{"name":"us-central1-processNewMessage"},"extension":{},"message":"Beginning execution of \"processNewMessage\""}}
[info] >  {"verifications":{"app":"MISSING","auth":"MISSING"},"logging.googleapis.com/labels":{"firebase-log-type":"callable-request-verification"},"severity":"INFO","message":"Callable request verification passed"} {"user":{"verifications":{"app":"MISSING","auth":"MISSING"},"logging.googleapis.com/labels":{"firebase-log-type":"callable-request-verification"},"severity":"INFO","message":"Callable request verification passed"},"metadata":{"emulator":{"name":"functions"},"function":{"name":"us-central1-processNewMessage"},"extension":{},"message":"\u001b[90m> \u001b[39m {\"verifications\":{\"app\":\"MISSING\",\"auth\":\"MISSING\"},\"logging.googleapis.com/labels\":{\"firebase-log-type\":\"callable-request-verification\"},\"severity\":\"INFO\",\"message\":\"Callable request verification passed\"}"}}
[debug] [2022-10-14T00:10:14.492Z] [runtime-status] [6364] No callable functions auth found {"metadata":{"emulator":{"name":"functions"},"function":{"name":"us-central1-processNewMessage"},"extension":{},"message":"[runtime-status] [6364] No callable functions auth found"}}
[info] >  {"severity":"ERROR","message":"Unhandled error Error: 3 INVALID_ARGUMENT: Input text not set.\n    at Object.callErrorFromStatus (C:\\Users\\aleja\\OneDrive\\Documents\\Projects\\depression-chatbot\\functions\\node_modules\\dialogflow\\node_modules\\@grpc\\grpc-js\\build\\src\\call.js:31:26)\n    at Object.onReceiveStatus (C:\\Users\\aleja\\OneDrive\\Documents\\Projects\\depression-chatbot\\functions\\node_modules\\dialogflow\\node_modules\\@grpc\\grpc-js\\build\\src\\client.js:179:52)\n    at Object.onReceiveStatus (C:\\Users\\aleja\\OneDrive\\Documents\\Projects\\depression-chatbot\\functions\\node_modules\\dialogflow\\node_modules\\@grpc\\grpc-js\\build\\src\\client-interceptors.js:336:141)\n    at Object.onReceiveStatus (C:\\Users\\aleja\\OneDrive\\Documents\\Projects\\depression-chatbot\\functions\\node_modules\\dialogflow\\node_modules\\@grpc\\grpc-js\\build\\src\\client-interceptors.js:299:181)\n    at C:\\Users\\aleja\\OneDrive\\Documents\\Projects\\depression-chatbot\\functions\\node_modules\\dialogflow\\node_modules\\@grpc\\grpc-js\\build\\src\\call-stream.js:145:78\n    at processTicksAndRejections (node:internal/process/task_queues:78:11) {\n  code: 3,\n  details: 'Input text not set.',\n  metadata: Metadata {\n    internalRepr: Map(1) { 'grpc-server-stats-bin' => [Array] },\n    options: {}\n  }\n}"} {"user":{"severity":"ERROR","message":"Unhandled error Error: 3 INVALID_ARGUMENT: Input text not set.\n    at Object.callErrorFromStatus (C:\\Users\\aleja\\OneDrive\\Documents\\Projects\\depression-chatbot\\functions\\node_modules\\dialogflow\\node_modules\\@grpc\\grpc-js\\build\\src\\call.js:31:26)\n    at Object.onReceiveStatus (C:\\Users\\aleja\\OneDrive\\Documents\\Projects\\depression-chatbot\\functions\\node_modules\\dialogflow\\node_modules\\@grpc\\grpc-js\\build\\src\\client.js:179:52)\n    at Object.onReceiveStatus (C:\\Users\\aleja\\OneDrive\\Documents\\Projects\\depression-chatbot\\functions\\node_modules\\dialogflow\\node_modules\\@grpc\\grpc-js\\build\\src\\client-interceptors.js:336:141)\n    at Object.onReceiveStatus (C:\\Users\\aleja\\OneDrive\\Documents\\Projects\\depression-chatbot\\functions\\node_modules\\dialogflow\\node_modules\\@grpc\\grpc-js\\build\\src\\client-interceptors.js:299:181)\n    at C:\\Users\\aleja\\OneDrive\\Documents\\Projects\\depression-chatbot\\functions\\node_modules\\dialogflow\\node_modules\\@grpc\\grpc-js\\build\\src\\call-stream.js:145:78\n    at processTicksAndRejections (node:internal/process/task_queues:78:11) {\n  code: 3,\n  details: 'Input text not set.',\n  metadata: Metadata {\n    internalRepr: Map(1) { 'grpc-server-stats-bin' => [Array] },\n    options: {}\n  }\n}"},"metadata":{"emulator":{"name":"functions"},"function":{"name":"us-central1-processNewMessage"},"extension":{},"message":"\u001b[90m> \u001b[39m {\"severity\":\"ERROR\",\"message\":\"Unhandled error Error: 3 INVALID_ARGUMENT: Input text not set.\\n    at Object.callErrorFromStatus (C:\\\\Users\\\\aleja\\\\OneDrive\\\\Documents\\\\Projects\\\\depression-chatbot\\\\functions\\\\node_modules\\\\dialogflow\\\\node_modules\\\\@grpc\\\\grpc-js\\\\build\\\\src\\\\call.js:31:26)\\n    at Object.onReceiveStatus (C:\\\\Users\\\\aleja\\\\OneDrive\\\\Documents\\\\Projects\\\\depression-chatbot\\\\functions\\\\node_modules\\\\dialogflow\\\\node_modules\\\\@grpc\\\\grpc-js\\\\build\\\\src\\\\client.js:179:52)\\n    at Object.onReceiveStatus (C:\\\\Users\\\\aleja\\\\OneDrive\\\\Documents\\\\Projects\\\\depression-chatbot\\\\functions\\\\node_modules\\\\dialogflow\\\\node_modules\\\\@grpc\\\\grpc-js\\\\build\\\\src\\\\client-interceptors.js:336:141)\\n    at Object.onReceiveStatus (C:\\\\Users\\\\aleja\\\\OneDrive\\\\Documents\\\\Projects\\\\depression-chatbot\\\\functions\\\\node_modules\\\\dialogflow\\\\node_modules\\\\@grpc\\\\grpc-js\\\\build\\\\src\\\\client-interceptors.js:299:181)\\n    at C:\\\\Users\\\\aleja\\\\OneDrive\\\\Documents\\\\Projects\\\\depression-chatbot\\\\functions\\\\node_modules\\\\dialogflow\\\\node_modules\\\\@grpc\\\\grpc-js\\\\build\\\\src\\\\call-stream.js:145:78\\n    at processTicksAndRejections (node:internal/process/task_queues:78:11) {\\n  code: 3,\\n  details: 'Input text not set.',\\n  metadata: Metadata {\\n    internalRepr: Map(1) { 'grpc-server-stats-bin' => [Array] },\\n    options: {}\\n  }\\n}\"}"}}
[debug] [2022-10-14T00:10:15.119Z] [worker-us-central1-processNewMessage-7c551ba9-ba3d-4e41-b803-9d02e2c56ffe]: IDLE {"metadata":{"emulator":{"name":"functions"},"message":"[worker-us-central1-processNewMessage-7c551ba9-ba3d-4e41-b803-9d02e2c56ffe]: IDLE"}}
[debug] [2022-10-14T00:10:15.119Z] [work-queue] {"queueLength":0,"workRunningCount":0}
[info] i  functions: Finished "processNewMessage" in 627.0412ms {"metadata":{"emulator":{"name":"functions"},"function":{"name":"us-central1-processNewMessage"},"extension":{},"message":"Finished \"processNewMessage\" in 627.0412ms"}}
[debug] [2022-10-14T00:49:49.730Z] [work-queue] {"queueLength":1,"workRunningCount":0}
[debug] [2022-10-14T00:49:49.730Z] [work-queue] {"queueLength":0,"workRunningCount":1}
[debug] [2022-10-14T00:49:49.730Z] Accepted request OPTIONS /project-depression-chatbot/us-central1/startNewChatSession --> us-central1-startNewChatSession
[debug] [2022-10-14T00:49:49.732Z] [functions] Runtime ready! Sending request! {"metadata":{"emulator":{"name":"functions"},"message":"[functions] Runtime ready! Sending request!"}}
[debug] [2022-10-14T00:49:49.732Z] [functions] Got req.url=/project-depression-chatbot/us-central1/startNewChatSession, mapping to path=/ {"metadata":{"emulator":{"name":"functions"},"message":"[functions] Got req.url=/project-depression-chatbot/us-central1/startNewChatSession, mapping to path=/"}}
[debug] [2022-10-14T00:49:49.732Z] [worker-pool] submitRequest(triggerId=us-central1-startNewChatSession) {"metadata":{"emulator":{"name":"functions"},"message":"[worker-pool] submitRequest(triggerId=us-central1-startNewChatSession)"}}
[debug] [2022-10-14T00:49:49.732Z] [worker-us-central1-startNewChatSession-8cf899a7-8d6c-4127-942a-caf1b190fc78]: BUSY {"metadata":{"emulator":{"name":"functions"},"message":"[worker-us-central1-startNewChatSession-8cf899a7-8d6c-4127-942a-caf1b190fc78]: BUSY"}}
[info] i  functions: Beginning execution of "startNewChatSession" {"metadata":{"emulator":{"name":"functions"},"function":{"name":"us-central1-startNewChatSession"},"extension":{},"message":"Beginning execution of \"startNewChatSession\""}}
[debug] [2022-10-14T00:49:49.735Z] [worker-us-central1-startNewChatSession-8cf899a7-8d6c-4127-942a-caf1b190fc78]: IDLE {"metadata":{"emulator":{"name":"functions"},"message":"[worker-us-central1-startNewChatSession-8cf899a7-8d6c-4127-942a-caf1b190fc78]: IDLE"}}
[debug] [2022-10-14T00:49:49.736Z] [work-queue] {"queueLength":0,"workRunningCount":0}
[info] i  functions: Finished "startNewChatSession" in 0.3365ms {"metadata":{"emulator":{"name":"functions"},"function":{"name":"us-central1-startNewChatSession"},"extension":{},"message":"Finished \"startNewChatSession\" in 0.3365ms"}}
[debug] [2022-10-14T00:49:49.737Z] [work-queue] {"queueLength":1,"workRunningCount":0}
[debug] [2022-10-14T00:49:49.737Z] [work-queue] {"queueLength":0,"workRunningCount":1}
[debug] [2022-10-14T00:49:49.737Z] Accepted request POST /project-depression-chatbot/us-central1/startNewChatSession --> us-central1-startNewChatSession
[debug] [2022-10-14T00:49:49.740Z] [functions] Runtime ready! Sending request! {"metadata":{"emulator":{"name":"functions"},"message":"[functions] Runtime ready! Sending request!"}}
[debug] [2022-10-14T00:49:49.740Z] [functions] Got req.url=/project-depression-chatbot/us-central1/startNewChatSession, mapping to path=/ {"metadata":{"emulator":{"name":"functions"},"message":"[functions] Got req.url=/project-depression-chatbot/us-central1/startNewChatSession, mapping to path=/"}}
[debug] [2022-10-14T00:49:49.740Z] [worker-pool] submitRequest(triggerId=us-central1-startNewChatSession) {"metadata":{"emulator":{"name":"functions"},"message":"[worker-pool] submitRequest(triggerId=us-central1-startNewChatSession)"}}
[debug] [2022-10-14T00:49:49.740Z] [worker-us-central1-startNewChatSession-8cf899a7-8d6c-4127-942a-caf1b190fc78]: BUSY {"metadata":{"emulator":{"name":"functions"},"message":"[worker-us-central1-startNewChatSession-8cf899a7-8d6c-4127-942a-caf1b190fc78]: BUSY"}}
[info] i  functions: Beginning execution of "startNewChatSession" {"metadata":{"emulator":{"name":"functions"},"function":{"name":"us-central1-startNewChatSession"},"extension":{},"message":"Beginning execution of \"startNewChatSession\""}}
[info] >  {"verifications":{"app":"MISSING","auth":"MISSING"},"logging.googleapis.com/labels":{"firebase-log-type":"callable-request-verification"},"severity":"INFO","message":"Callable request verification passed"} {"user":{"verifications":{"app":"MISSING","auth":"MISSING"},"logging.googleapis.com/labels":{"firebase-log-type":"callable-request-verification"},"severity":"INFO","message":"Callable request verification passed"},"metadata":{"emulator":{"name":"functions"},"function":{"name":"us-central1-startNewChatSession"},"extension":{},"message":"\u001b[90m> \u001b[39m {\"verifications\":{\"app\":\"MISSING\",\"auth\":\"MISSING\"},\"logging.googleapis.com/labels\":{\"firebase-log-type\":\"callable-request-verification\"},\"severity\":\"INFO\",\"message\":\"Callable request verification passed\"}"}}
[debug] [2022-10-14T00:49:49.745Z] [runtime-status] [10140] No callable functions auth found {"metadata":{"emulator":{"name":"functions"},"function":{"name":"us-central1-startNewChatSession"},"extension":{},"message":"[runtime-status] [10140] No callable functions auth found"}}
[debug] [2022-10-14T00:49:50.130Z] [worker-us-central1-startNewChatSession-8cf899a7-8d6c-4127-942a-caf1b190fc78]: IDLE {"metadata":{"emulator":{"name":"functions"},"message":"[worker-us-central1-startNewChatSession-8cf899a7-8d6c-4127-942a-caf1b190fc78]: IDLE"}}
[debug] [2022-10-14T00:49:50.130Z] [work-queue] {"queueLength":0,"workRunningCount":0}
[info] i  functions: Finished "startNewChatSession" in 388.8804ms {"metadata":{"emulator":{"name":"functions"},"function":{"name":"us-central1-startNewChatSession"},"extension":{},"message":"Finished \"startNewChatSession\" in 388.8804ms"}}
[debug] [2022-10-14T00:49:56.303Z] [work-queue] {"queueLength":1,"workRunningCount":0}
[debug] [2022-10-14T00:49:56.303Z] [work-queue] {"queueLength":0,"workRunningCount":1}
[debug] [2022-10-14T00:49:56.303Z] Accepted request OPTIONS /project-depression-chatbot/us-central1/processNewMessage --> us-central1-processNewMessage
[debug] [2022-10-14T00:49:56.304Z] [functions] Runtime ready! Sending request! {"metadata":{"emulator":{"name":"functions"},"message":"[functions] Runtime ready! Sending request!"}}
[debug] [2022-10-14T00:49:56.305Z] [functions] Got req.url=/project-depression-chatbot/us-central1/processNewMessage, mapping to path=/ {"metadata":{"emulator":{"name":"functions"},"message":"[functions] Got req.url=/project-depression-chatbot/us-central1/processNewMessage, mapping to path=/"}}
[debug] [2022-10-14T00:49:56.305Z] [worker-pool] submitRequest(triggerId=us-central1-processNewMessage) {"metadata":{"emulator":{"name":"functions"},"message":"[worker-pool] submitRequest(triggerId=us-central1-processNewMessage)"}}
[debug] [2022-10-14T00:49:56.305Z] [worker-us-central1-processNewMessage-7c551ba9-ba3d-4e41-b803-9d02e2c56ffe]: BUSY {"metadata":{"emulator":{"name":"functions"},"message":"[worker-us-central1-processNewMessage-7c551ba9-ba3d-4e41-b803-9d02e2c56ffe]: BUSY"}}
[info] i  functions: Beginning execution of "processNewMessage" {"metadata":{"emulator":{"name":"functions"},"function":{"name":"us-central1-processNewMessage"},"extension":{},"message":"Beginning execution of \"processNewMessage\""}}
[debug] [2022-10-14T00:49:56.307Z] [worker-us-central1-processNewMessage-7c551ba9-ba3d-4e41-b803-9d02e2c56ffe]: IDLE {"metadata":{"emulator":{"name":"functions"},"message":"[worker-us-central1-processNewMessage-7c551ba9-ba3d-4e41-b803-9d02e2c56ffe]: IDLE"}}
[debug] [2022-10-14T00:49:56.307Z] [work-queue] {"queueLength":0,"workRunningCount":0}
[info] i  functions: Finished "processNewMessage" in 0.2909ms {"metadata":{"emulator":{"name":"functions"},"function":{"name":"us-central1-processNewMessage"},"extension":{},"message":"Finished \"processNewMessage\" in 0.2909ms"}}
[debug] [2022-10-14T00:49:56.309Z] [work-queue] {"queueLength":1,"workRunningCount":0}
[debug] [2022-10-14T00:49:56.309Z] [work-queue] {"queueLength":0,"workRunningCount":1}
[debug] [2022-10-14T00:49:56.309Z] Accepted request POST /project-depression-chatbot/us-central1/processNewMessage --> us-central1-processNewMessage
[debug] [2022-10-14T00:49:56.311Z] [functions] Runtime ready! Sending request! {"metadata":{"emulator":{"name":"functions"},"message":"[functions] Runtime ready! Sending request!"}}
[debug] [2022-10-14T00:49:56.311Z] [functions] Got req.url=/project-depression-chatbot/us-central1/processNewMessage, mapping to path=/ {"metadata":{"emulator":{"name":"functions"},"message":"[functions] Got req.url=/project-depression-chatbot/us-central1/processNewMessage, mapping to path=/"}}
[debug] [2022-10-14T00:49:56.311Z] [worker-pool] submitRequest(triggerId=us-central1-processNewMessage) {"metadata":{"emulator":{"name":"functions"},"message":"[worker-pool] submitRequest(triggerId=us-central1-processNewMessage)"}}
[debug] [2022-10-14T00:49:56.311Z] [worker-us-central1-processNewMessage-7c551ba9-ba3d-4e41-b803-9d02e2c56ffe]: BUSY {"metadata":{"emulator":{"name":"functions"},"message":"[worker-us-central1-processNewMessage-7c551ba9-ba3d-4e41-b803-9d02e2c56ffe]: BUSY"}}
[info] i  functions: Beginning execution of "processNewMessage" {"metadata":{"emulator":{"name":"functions"},"function":{"name":"us-central1-processNewMessage"},"extension":{},"message":"Beginning execution of \"processNewMessage\""}}
[info] >  {"verifications":{"app":"MISSING","auth":"MISSING"},"logging.googleapis.com/labels":{"firebase-log-type":"callable-request-verification"},"severity":"INFO","message":"Callable request verification passed"} {"user":{"verifications":{"app":"MISSING","auth":"MISSING"},"logging.googleapis.com/labels":{"firebase-log-type":"callable-request-verification"},"severity":"INFO","message":"Callable request verification passed"},"metadata":{"emulator":{"name":"functions"},"function":{"name":"us-central1-processNewMessage"},"extension":{},"message":"\u001b[90m> \u001b[39m {\"verifications\":{\"app\":\"MISSING\",\"auth\":\"MISSING\"},\"logging.googleapis.com/labels\":{\"firebase-log-type\":\"callable-request-verification\"},\"severity\":\"INFO\",\"message\":\"Callable request verification passed\"}"}}
[debug] [2022-10-14T00:49:56.314Z] [runtime-status] [6364] No callable functions auth found {"metadata":{"emulator":{"name":"functions"},"function":{"name":"us-central1-processNewMessage"},"extension":{},"message":"[runtime-status] [6364] No callable functions auth found"}}
[debug] [2022-10-14T00:49:57.798Z] [worker-us-central1-processNewMessage-7c551ba9-ba3d-4e41-b803-9d02e2c56ffe]: IDLE {"metadata":{"emulator":{"name":"functions"},"message":"[worker-us-central1-processNewMessage-7c551ba9-ba3d-4e41-b803-9d02e2c56ffe]: IDLE"}}
[debug] [2022-10-14T00:49:57.798Z] [work-queue] {"queueLength":0,"workRunningCount":0}
[info] i  functions: Finished "processNewMessage" in 1484.1008ms {"metadata":{"emulator":{"name":"functions"},"function":{"name":"us-central1-processNewMessage"},"extension":{},"message":"Finished \"processNewMessage\" in 1484.1008ms"}}
[debug] [2022-10-14T01:00:43.639Z] [worker-us-central1-processNewMessage-7c551ba9-ba3d-4e41-b803-9d02e2c56ffe]: exited {"metadata":{"emulator":{"name":"functions"},"message":"[worker-us-central1-processNewMessage-7c551ba9-ba3d-4e41-b803-9d02e2c56ffe]: exited"}}
[debug] [2022-10-14T01:00:43.639Z] [worker-us-central1-processNewMessage-7c551ba9-ba3d-4e41-b803-9d02e2c56ffe]: FINISHED {"metadata":{"emulator":{"name":"functions"},"message":"[worker-us-central1-processNewMessage-7c551ba9-ba3d-4e41-b803-9d02e2c56ffe]: FINISHED"}}
[debug] [2022-10-14T01:00:43.650Z] [worker-us-central1-startNewChatSession-8cf899a7-8d6c-4127-942a-caf1b190fc78]: exited {"metadata":{"emulator":{"name":"functions"},"message":"[worker-us-central1-startNewChatSession-8cf899a7-8d6c-4127-942a-caf1b190fc78]: exited"}}
